\BOOKMARK [1][-]{section.1}{Introduction}{}% 1
\BOOKMARK [1][-]{section.2}{Spaces of phylogenetic trees}{}% 2
\BOOKMARK [2][-]{subsection.2.1}{A rapid review of metric geometry}{section.2}% 3
\BOOKMARK [2][-]{subsection.2.2}{Cubical complexes and their links}{section.2}% 4
\BOOKMARK [2][-]{subsection.2.3}{The Billera-Holmes-Vogtmann spaces of phylogenetic trees}{section.2}% 5
\BOOKMARK [2][-]{subsection.2.4}{The projective evolutionary moduli space}{section.2}% 6
\BOOKMARK [2][-]{subsection.2.5}{The injectivity radius in Pm}{section.2}% 7
\BOOKMARK [1][-]{section.3}{Machine learning and statistical inference in m and Pm}{}% 8
\BOOKMARK [2][-]{subsection.3.1}{Statistics for distributions in m and Pm}{section.3}% 9
\BOOKMARK [2][-]{subsection.3.2}{Distributions in m and Pm via distributions in Rn}{section.3}% 10
\BOOKMARK [2][-]{subsection.3.3}{Distinguishing samples from different underlying distributions}{section.3}% 11
\BOOKMARK [2][-]{subsection.3.4}{Clustering in m and Pm}{section.3}% 12
\BOOKMARK [2][-]{subsection.3.5}{Supervised Learning}{section.3}% 13
\BOOKMARK [1][-]{section.4}{Tree dimensionality reduction}{}% 14
\BOOKMARK [2][-]{subsection.4.1}{Structured dimensionality reduction}{section.4}% 15
\BOOKMARK [2][-]{subsection.4.2}{Stability of Tree dimensionality reduction}{section.4}% 16
\BOOKMARK [1][-]{section.5}{Simulated data}{}% 17
\BOOKMARK [2][-]{subsection.5.1}{Model selection}{section.5}% 18
\BOOKMARK [1][-]{section.6}{Assessing predictive value of genomic information in cancer genomic data}{}% 19
\BOOKMARK [2][-]{subsection.6.1}{Disruption of linear evolution by therapy in chronic leukemias}{section.6}% 20
\BOOKMARK [2][-]{subsection.6.2}{The geometry of a tree is associated with grade at relapse in gliomas}{section.6}% 21
\BOOKMARK [1][-]{section.7}{Phylogenetic dimensional reduction}{}% 22
\BOOKMARK [2][-]{subsection.7.1}{Detecting new dominant strains in seasonal influenza}{section.7}% 23
\BOOKMARK [2][-]{subsection.7.2}{Clonal heterogeneity from single cell tumor genomics}{section.7}% 24
\BOOKMARK [1][-]{section.8}{Conclusions}{}% 25
